{
  "RSpec": {
    "coverage": {
      "/Users/tobydawson/Projects/mars_rover_tech_test/spec/unit/command_spec.rb": [
        1,
        null,
        1,
        null,
        1,
        4,
        null,
        null,
        1,
        1,
        1,
        1,
        null,
        null,
        1,
        1,
        1,
        1,
        null,
        null,
        1,
        1,
        1,
        1,
        1,
        null,
        null,
        1,
        1,
        1,
        1,
        1,
        1,
        null,
        null,
        null,
        null,
        1,
        null,
        1,
        1,
        null,
        null,
        1,
        1,
        1,
        1,
        1,
        1,
        null,
        null,
        null
      ],
      "/Users/tobydawson/Projects/mars_rover_tech_test/lib/command.rb": [
        1,
        null,
        1,
        null,
        1,
        17,
        17,
        17,
        17,
        null,
        null,
        1,
        1,
        1,
        1,
        null,
        null,
        1,
        3,
        3,
        3,
        3,
        3,
        null,
        null,
        1,
        2,
        19,
        4,
        4,
        11,
        null,
        null,
        null,
        null,
        1,
        11,
        null,
        2,
        null,
        3,
        null,
        4,
        null,
        2,
        null,
        null,
        null,
        null,
        1,
        4,
        null,
        null,
        1,
        4,
        null,
        null,
        1,
        8,
        8,
        null,
        null,
        null
      ],
      "/Users/tobydawson/Projects/mars_rover_tech_test/spec/unit/mars_spec.rb": [
        1,
        null,
        1,
        null,
        1,
        2,
        2,
        null,
        null,
        1,
        1,
        null,
        null,
        1,
        1,
        1,
        null,
        null,
        null
      ],
      "/Users/tobydawson/Projects/mars_rover_tech_test/lib/mars_plateau.rb": [
        1,
        null,
        1,
        null,
        1,
        3,
        3,
        3,
        null,
        null,
        1,
        3,
        3,
        3,
        3,
        3,
        null,
        null,
        null,
        null
      ],
      "/Users/tobydawson/Projects/mars_rover_tech_test/spec/unit/movement_spec.rb": [
        1,
        null,
        1,
        null,
        1,
        1,
        1,
        null,
        null,
        1,
        1,
        1,
        null,
        null,
        null
      ],
      "/Users/tobydawson/Projects/mars_rover_tech_test/lib/movement.rb": [
        1,
        null,
        1,
        null,
        1,
        1,
        1,
        null,
        null,
        1,
        2,
        null,
        null,
        null
      ],
      "/Users/tobydawson/Projects/mars_rover_tech_test/spec/unit/rover_spec.rb": [
        1,
        null,
        1,
        null,
        1,
        2,
        null,
        null,
        1,
        1,
        null,
        null,
        1,
        1,
        1,
        1,
        1,
        null,
        null,
        null
      ],
      "/Users/tobydawson/Projects/mars_rover_tech_test/lib/rover.rb": [
        1,
        null,
        1,
        null,
        1,
        5,
        5,
        null,
        null,
        1,
        5,
        null,
        null,
        null,
        1,
        4,
        4,
        4,
        null,
        null,
        null
      ]
    },
    "timestamp": 1598197448
  }
}
