{
  "RSpec": {
    "coverage": {
      "/Users/tobydawson/Projects/mars_rover_tech_test/spec/feature/nasa_spec.rb": [
        1,
        null,
        1,
        null,
        1,
        1,
        null,
        null,
        1,
        1,
        1,
        null,
        null,
        null
      ],
      "/Users/tobydawson/Projects/mars_rover_tech_test/lib/nasa.rb": [
        1,
        null,
        1,
        null,
        1,
        1,
        1,
        1,
        1,
        null,
        null,
        1,
        1,
        1,
        1,
        1,
        null,
        null,
        1,
        1,
        1,
        1,
        1,
        null,
        null,
        null
      ],
      "/Users/tobydawson/Projects/mars_rover_tech_test/spec/unit/command_spec.rb": [
        1,
        null,
        1,
        null,
        1,
        4,
        null,
        null,
        1,
        1,
        1,
        1,
        null,
        null,
        1,
        1,
        1,
        1,
        null,
        null,
        1,
        1,
        1,
        1,
        1,
        null,
        null,
        1,
        1,
        1,
        1,
        1,
        1,
        1,
        1,
        null,
        null,
        null,
        null,
        1,
        null,
        1,
        1,
        null,
        null,
        1,
        1,
        1,
        1,
        1,
        1,
        1,
        1,
        null,
        null,
        null
      ],
      "/Users/tobydawson/Projects/mars_rover_tech_test/lib/command.rb": [
        1,
        null,
        1,
        null,
        1,
        25,
        25,
        25,
        25,
        25,
        25,
        null,
        null,
        1,
        5,
        5,
        5,
        null,
        null,
        1,
        5,
        5,
        5,
        5,
        5,
        null,
        null,
        1,
        4,
        38,
        8,
        8,
        22,
        null,
        null,
        4,
        null,
        null,
        1,
        22,
        null,
        4,
        null,
        6,
        null,
        8,
        null,
        4,
        null,
        22,
        null,
        22,
        null,
        null,
        1,
        8,
        null,
        null,
        1,
        8,
        null,
        null,
        1,
        16,
        16,
        null,
        null,
        1,
        22,
        null,
        null,
        1,
        null,
        null,
        null
      ],
      "/Users/tobydawson/Projects/mars_rover_tech_test/spec/unit/mars_spec.rb": [
        1,
        null,
        1,
        null,
        1,
        2,
        2,
        null,
        null,
        1,
        1,
        null,
        null,
        1,
        1,
        1,
        null,
        null,
        null
      ],
      "/Users/tobydawson/Projects/mars_rover_tech_test/lib/mars_plateau.rb": [
        1,
        null,
        1,
        null,
        1,
        7,
        7,
        7,
        null,
        null,
        1,
        7,
        7,
        7,
        null,
        null,
        null,
        null
      ],
      "/Users/tobydawson/Projects/mars_rover_tech_test/spec/unit/movement_spec.rb": [
        1,
        null,
        1,
        null,
        1,
        1,
        1,
        null,
        null,
        1,
        1,
        1,
        null,
        null,
        null
      ],
      "/Users/tobydawson/Projects/mars_rover_tech_test/lib/movement.rb": [
        1,
        null,
        1,
        null,
        1,
        1,
        1,
        null,
        null,
        1,
        2,
        null,
        null,
        null
      ],
      "/Users/tobydawson/Projects/mars_rover_tech_test/spec/unit/rover_spec.rb": [
        1,
        null,
        1,
        null,
        1,
        2,
        null,
        null,
        1,
        1,
        null,
        null,
        1,
        1,
        1,
        1,
        1,
        null,
        null,
        null
      ],
      "/Users/tobydawson/Projects/mars_rover_tech_test/lib/rover.rb": [
        1,
        null,
        1,
        null,
        1,
        7,
        7,
        null,
        null,
        1,
        7,
        null,
        null,
        null,
        1,
        6,
        6,
        6,
        null,
        null,
        null
      ]
    },
    "timestamp": 1598223844
  }
}
